<?xml version="1.0" encoding="UTF-8"?>
<testng-results skipped="0" failed="1" total="1" passed="0">
  <reporter-output>
  </reporter-output>
  <suite name="Default suite" duration-ms="21010" started-at="2014-11-07T17:38:24Z" finished-at="2014-11-07T17:38:45Z">
    <groups>
    </groups>
    <test name="Default test" duration-ms="21010" started-at="2014-11-07T17:38:24Z" finished-at="2014-11-07T17:38:45Z">
      <class name="org.aml.selenium.SeleniumALMIntegrationExample">
        <test-method status="PASS" signature="init()[pri:0, instance:org.aml.selenium.SeleniumALMIntegrationExample@31b7dea0]" name="init" is-config="true" duration-ms="1856" started-at="2014-11-07T19:38:24Z" finished-at="2014-11-07T19:38:26Z">
          <reporter-output>
          </reporter-output>
        </test-method> <!-- init -->
        <test-method status="FAIL" signature="login()[pri:0, instance:org.aml.selenium.SeleniumALMIntegrationExample@31b7dea0]" name="login" duration-ms="18501" started-at="2014-11-07T19:38:26Z" finished-at="2014-11-07T19:38:45Z">
          <exception class="atu.alm.wrapper.exceptions.ALMServiceException">
            <message>
              <![CDATA[Please add the jacob-(version-bit-type).dll file to the System path]]>
            </message>
            <full-stacktrace>
              <![CDATA[ALM Service Wrapper Exception Details:  Please add the jacob-(version-bit-type).dll file to the System path
	at atu.alm.wrapper.ALMServiceWrapper.connectToOTA(ALMServiceWrapper.java:107)
	at atu.alm.wrapper.ALMServiceWrapper.connect(ALMServiceWrapper.java:74)
	at org.aml.selenium.SeleniumALMIntegrationExample.updateResults(SeleniumALMIntegrationExample.java:48)
	at org.aml.selenium.SeleniumALMIntegrationExample.login(SeleniumALMIntegrationExample.java:42)
	at sun.reflect.NativeMethodAccessorImpl.invoke0(Native Method)
	at sun.reflect.NativeMethodAccessorImpl.invoke(NativeMethodAccessorImpl.java:62)
	at sun.reflect.DelegatingMethodAccessorImpl.invoke(DelegatingMethodAccessorImpl.java:43)
	at java.lang.reflect.Method.invoke(Method.java:483)
	at org.testng.internal.MethodInvocationHelper.invokeMethod(MethodInvocationHelper.java:84)
	at org.testng.internal.Invoker.invokeMethod(Invoker.java:714)
	at org.testng.internal.Invoker.invokeTestMethod(Invoker.java:901)
	at org.testng.internal.Invoker.invokeTestMethods(Invoker.java:1231)
	at org.testng.internal.TestMethodWorker.invokeTestMethods(TestMethodWorker.java:127)
	at org.testng.internal.TestMethodWorker.run(TestMethodWorker.java:111)
	at org.testng.TestRunner.privateRun(TestRunner.java:767)
	at org.testng.TestRunner.run(TestRunner.java:617)
	at org.testng.SuiteRunner.runTest(SuiteRunner.java:334)
	at org.testng.SuiteRunner.runSequentially(SuiteRunner.java:329)
	at org.testng.SuiteRunner.privateRun(SuiteRunner.java:291)
	at org.testng.SuiteRunner.run(SuiteRunner.java:240)
	at org.testng.SuiteRunnerWorker.runSuite(SuiteRunnerWorker.java:52)
	at org.testng.SuiteRunnerWorker.run(SuiteRunnerWorker.java:86)
	at org.testng.TestNG.runSuitesSequentially(TestNG.java:1224)
	at org.testng.TestNG.runSuitesLocally(TestNG.java:1149)
	at org.testng.TestNG.run(TestNG.java:1057)
	at org.testng.remote.RemoteTestNG.run(RemoteTestNG.java:111)
	at org.testng.remote.RemoteTestNG.initAndRun(RemoteTestNG.java:204)
	at org.testng.remote.RemoteTestNG.main(RemoteTestNG.java:175)
]]>
            </full-stacktrace>
          </exception> <!-- atu.alm.wrapper.exceptions.ALMServiceException -->
          <reporter-output>
          </reporter-output>
        </test-method> <!-- login -->
        <test-method status="PASS" signature="close()[pri:0, instance:org.aml.selenium.SeleniumALMIntegrationExample@31b7dea0]" name="close" is-config="true" duration-ms="622" started-at="2014-11-07T19:38:45Z" finished-at="2014-11-07T19:38:45Z">
          <reporter-output>
          </reporter-output>
        </test-method> <!-- close -->
      </class> <!-- org.aml.selenium.SeleniumALMIntegrationExample -->
    </test> <!-- Default test -->
  </suite> <!-- Default suite -->
</testng-results>
